Using pre-set license
Built from '2022.3/staging' branch; Version is '2022.3.4f1 (35713cd46cd7) revision 3502396'; Using compiler version '192829333'; Build Type 'Release'
OS: 'Windows 11  (10.0.22621) 64bit Core' Language: 'en' Physical Memory: 15775 MB
BatchMode: 1, IsHumanControllingUs: 0, StartBugReporterOnCrash: 0, Is64bit: 1, IsPro: 1

COMMAND LINE ARGUMENTS:
C:\Program Files\Unity\Hub\Editor\2022.3.4f1\Editor\Unity.exe
-adb2
-batchMode
-noUpm
-name
AssetImportWorker9
-projectPath
D:/Development/GitHub/HeroSim/Become the Hero
-logFile
Logs/AssetImportWorker9.log
-srvPort
51522
Successfully changed project path to: D:/Development/GitHub/HeroSim/Become the Hero
D:/Development/GitHub/HeroSim/Become the Hero
[UnityMemory] Configuration Parameters - Can be set up in boot.config
    "memorysetup-bucket-allocator-granularity=16"
    "memorysetup-bucket-allocator-bucket-count=8"
    "memorysetup-bucket-allocator-block-size=33554432"
    "memorysetup-bucket-allocator-block-count=8"
    "memorysetup-main-allocator-block-size=16777216"
    "memorysetup-thread-allocator-block-size=16777216"
    "memorysetup-gfx-main-allocator-block-size=16777216"
    "memorysetup-gfx-thread-allocator-block-size=16777216"
    "memorysetup-cache-allocator-block-size=4194304"
    "memorysetup-typetree-allocator-block-size=2097152"
    "memorysetup-profiler-bucket-allocator-granularity=16"
    "memorysetup-profiler-bucket-allocator-bucket-count=8"
    "memorysetup-profiler-bucket-allocator-block-size=33554432"
    "memorysetup-profiler-bucket-allocator-block-count=8"
    "memorysetup-profiler-allocator-block-size=16777216"
    "memorysetup-profiler-editor-allocator-block-size=1048576"
    "memorysetup-temp-allocator-size-main=16777216"
    "memorysetup-job-temp-allocator-block-size=2097152"
    "memorysetup-job-temp-allocator-block-size-background=1048576"
    "memorysetup-job-temp-allocator-reduction-small-platforms=262144"
    "memorysetup-allocator-temp-initial-block-size-main=262144"
    "memorysetup-allocator-temp-initial-block-size-worker=262144"
    "memorysetup-temp-allocator-size-background-worker=32768"
    "memorysetup-temp-allocator-size-job-worker=262144"
    "memorysetup-temp-allocator-size-preload-manager=33554432"
    "memorysetup-temp-allocator-size-nav-mesh-worker=65536"
    "memorysetup-temp-allocator-size-audio-worker=65536"
    "memorysetup-temp-allocator-size-cloud-worker=32768"
    "memorysetup-temp-allocator-size-gi-baking-worker=262144"
    "memorysetup-temp-allocator-size-gfx=262144"
Player connection [22152] Host "[IP] 192.168.1.61 [Port] 0 [Flags] 2 [Guid] 205313681 [EditorId] 205313681 [Version] 1048832 [Id] WindowsEditor(7,EVAN_LAPTOP) [Debug] 1 [PackageName] WindowsEditor [ProjectName] Editor" joined multi-casting on [225.0.0.222:54997]...

Player connection [22152] Host "[IP] 192.168.1.61 [Port] 0 [Flags] 2 [Guid] 205313681 [EditorId] 205313681 [Version] 1048832 [Id] WindowsEditor(7,EVAN_LAPTOP) [Debug] 1 [PackageName] WindowsEditor [ProjectName] Editor" joined alternative multi-casting on [225.0.0.222:34997]...

Refreshing native plugins compatible for Editor in 67.24 ms, found 2 plugins.
Preloading 0 native plugins for Editor in 0.00 ms.
Initialize engine version: 2022.3.4f1 (35713cd46cd7)
[Subsystems] Discovering subsystems at path C:/Program Files/Unity/Hub/Editor/2022.3.4f1/Editor/Data/Resources/UnitySubsystems
[Subsystems] Discovering subsystems at path D:/Development/GitHub/HeroSim/Become the Hero/Assets
GfxDevice: creating device client; threaded=0; jobified=0
Direct3D:
    Version:  Direct3D 11.0 [level 11.1]
    Renderer: NVIDIA GeForce RTX 3060 Laptop GPU (ID=0x2520)
    Vendor:   NVIDIA
    VRAM:     6023 MB
    Driver:   30.0.15.1278
Initialize mono
Mono path[0] = 'C:/Program Files/Unity/Hub/Editor/2022.3.4f1/Editor/Data/Managed'
Mono path[1] = 'C:/Program Files/Unity/Hub/Editor/2022.3.4f1/Editor/Data/MonoBleedingEdge/lib/mono/unityjit-win32'
Mono config path = 'C:/Program Files/Unity/Hub/Editor/2022.3.4f1/Editor/Data/MonoBleedingEdge/etc'
Using monoOptions --debugger-agent=transport=dt_socket,embedding=1,server=y,suspend=n,address=127.0.0.1:56016
Begin MonoManager ReloadAssembly
Registering precompiled unity dll's ...
Register platform support module: C:/Program Files/Unity/Hub/Editor/2022.3.4f1/Editor/Data/PlaybackEngines/AndroidPlayer/UnityEditor.Android.Extensions.dll
Register platform support module: C:/Program Files/Unity/Hub/Editor/2022.3.4f1/Editor/Data/PlaybackEngines/WindowsStandaloneSupport/UnityEditor.WindowsStandalone.Extensions.dll
Register platform support module: C:/Program Files/Unity/Hub/Editor/2022.3.4f1/Editor/Data/PlaybackEngines/MetroSupport/UnityEditor.UWP.Extensions.dll
Registered in 0.006462 seconds.
- Loaded All Assemblies, in  0.244 seconds
Native extension for UWP target not found
Native extension for WindowsStandalone target not found
Native extension for Android target not found
Android Extension - Scanning For ADB Devices 219 ms
Mono: successfully reloaded assembly
- Finished resetting the current domain, in  0.455 seconds
Domain Reload Profiling: 698ms
	BeginReloadAssembly (64ms)
		ExecutionOrderSort (0ms)
		DisableScriptedObjects (0ms)
		BackupInstance (0ms)
		ReleaseScriptingObjects (0ms)
		CreateAndSetChildDomain (1ms)
	RebuildCommonClasses (24ms)
	RebuildNativeTypeToScriptingClass (7ms)
	initialDomainReloadingComplete (44ms)
	LoadAllAssembliesAndSetupDomain (103ms)
		LoadAssemblies (63ms)
		RebuildTransferFunctionScriptingTraits (0ms)
		AnalyzeDomain (99ms)
			TypeCache.Refresh (98ms)
				TypeCache.ScanAssembly (90ms)
			ScanForSourceGeneratedMonoScriptInfo (0ms)
			ResolveRequiredComponents (0ms)
	FinalizeReload (456ms)
		ReleaseScriptCaches (0ms)
		RebuildScriptCaches (0ms)
		SetupLoadedEditorAssemblies (415ms)
			LogAssemblyErrors (0ms)
			InitializePlatformSupportModulesInManaged (309ms)
			SetLoadedEditorAssemblies (3ms)
			RefreshPlugins (0ms)
			BeforeProcessingInitializeOnLoad (2ms)
			ProcessInitializeOnLoadAttributes (69ms)
			ProcessInitializeOnLoadMethodAttributes (33ms)
			AfterProcessingInitializeOnLoad (0ms)
			EditorAssembliesLoaded (0ms)
		ExecutionOrderSort2 (0ms)
		AwakeInstancesAfterBackupRestoration (0ms)
========================================================================
Worker process is ready to serve import requests
Begin MonoManager ReloadAssembly
Symbol file LoadedFromMemory is not a mono symbol file
- Loaded All Assemblies, in  0.558 seconds
Refreshing native plugins compatible for Editor in 4.72 ms, found 2 plugins.
Native extension for UWP target not found
Native extension for WindowsStandalone target not found
Native extension for Android target not found
Mono: successfully reloaded assembly
- Finished resetting the current domain, in  1.297 seconds
Domain Reload Profiling: 1854ms
	BeginReloadAssembly (98ms)
		ExecutionOrderSort (0ms)
		DisableScriptedObjects (4ms)
		BackupInstance (0ms)
		ReleaseScriptingObjects (0ms)
		CreateAndSetChildDomain (19ms)
	RebuildCommonClasses (23ms)
	RebuildNativeTypeToScriptingClass (7ms)
	initialDomainReloadingComplete (33ms)
	LoadAllAssembliesAndSetupDomain (395ms)
		LoadAssemblies (206ms)
		RebuildTransferFunctionScriptingTraits (0ms)
		AnalyzeDomain (237ms)
			TypeCache.Refresh (216ms)
				TypeCache.ScanAssembly (204ms)
			ScanForSourceGeneratedMonoScriptInfo (18ms)
			ResolveRequiredComponents (3ms)
	FinalizeReload (1298ms)
		ReleaseScriptCaches (0ms)
		RebuildScriptCaches (0ms)
		SetupLoadedEditorAssemblies (1169ms)
			LogAssemblyErrors (0ms)
			InitializePlatformSupportModulesInManaged (18ms)
			SetLoadedEditorAssemblies (2ms)
			RefreshPlugins (0ms)
			BeforeProcessingInitializeOnLoad (53ms)
			ProcessInitializeOnLoadAttributes (850ms)
			ProcessInitializeOnLoadMethodAttributes (241ms)
			AfterProcessingInitializeOnLoad (5ms)
			EditorAssembliesLoaded (0ms)
		ExecutionOrderSort2 (0ms)
		AwakeInstancesAfterBackupRestoration (4ms)
Launched and connected shader compiler UnityShaderCompiler.exe after 0.17 seconds
Refreshing native plugins compatible for Editor in 4.68 ms, found 2 plugins.
Preloading 0 native plugins for Editor in 0.00 ms.
Unloading 4461 Unused Serialized files (Serialized files now loaded: 0)
Unloading 96 unused Assets / (359.2 KB). Loaded Objects now: 4958.
Memory consumption went from 161.1 MB to 160.7 MB.
Total: 24.086000 ms (FindLiveObjects: 0.284000 ms CreateObjectMapping: 0.103500 ms MarkObjects: 23.427600 ms  DeleteObjects: 0.269500 ms)

AssetImportParameters requested are different than current active one (requested -> active):
  custom:container-demuxer-ogg: 62fdf1f143b41e24485cea50d1cbac27 -> 
  custom:video-codec-MediaFoundation-h265: 746d11721c4dcdbdad8f713fa42b33f4 -> 
  custom:video-decoder-ogg-theora: a1e56fd34408186e4bbccfd4996cb3dc -> 
  custom:framework-win-MediaFoundation: 216162199b28c13a410421893ffa2e32 -> 
  custom:CustomObjectIndexerAttribute: 756ad292c208cfabdd7b50bc23989ffe -> 
  custom:container-demuxer-webm: 4f35f7cbe854078d1ac9338744f61a02 -> 
  custom:container-muxer-webm: aa71ff27fc2769a1b78a27578f13a17b -> 
  custom:video-decoder-webm-vp8: 9c59270c3fd7afecdb556c50c9e8de78 -> 
  custom:SearchIndexIgnoredProperties: e643bd26f0fe6173181afceb89e7c659 -> 
  custom:AudioImporter_EditorPlatform: d09bf68614088b80899f8185d706f6e7 -> 
  custom:video-encoder-webm-vp8: eb34c28f22e8b96e1ab97ce403110664 -> 
  custom:audio-decoder-ogg-vorbis: bf7c407c2cedff20999df2af8eb42d56 -> 
  custom:audio-encoder-webm-vorbis: bf7c407c2cedff20999df2af8eb42d56 -> 
========================================================================
Received Import Request.
  Time since last request: 18211.174897 seconds.
  path: Assets/Sprites/Background/Details/fenceIron.png
  artifactKey: Guid(9753450881f181e40a0b0985a4d87443) Importer(815301076,1909f56bfc062723c751e8b465ee728b)
Start importing Assets/Sprites/Background/Details/fenceIron.png using Guid(9753450881f181e40a0b0985a4d87443) Importer(815301076,1909f56bfc062723c751e8b465ee728b)  -> (artifact id: 'acc11df6eea256337cb60d43ebe256bc') in 0.124284 seconds
Number of updated asset objects reloaded before import = 0
Number of asset objects unloaded after import = 3
========================================================================
Received Import Request.
  Time since last request: 0.000028 seconds.
  path: Assets/Resources/eff/firecircle.png
  artifactKey: Guid(83a208239aab0e944ae44a973d9fb41d) Importer(815301076,1909f56bfc062723c751e8b465ee728b)
Start importing Assets/Resources/eff/firecircle.png using Guid(83a208239aab0e944ae44a973d9fb41d) Importer(815301076,1909f56bfc062723c751e8b465ee728b)  -> (artifact id: 'fe6d166018e9745e2df280b8d4c4443b') in 0.032414 seconds
Number of updated asset objects reloaded before import = 0
Number of asset objects unloaded after import = 3
========================================================================
Received Import Request.
  Time since last request: 0.000039 seconds.
  path: Assets/Resources/eff/firepits.png
  artifactKey: Guid(704f0258f5cfe0b478b95bfe940113e0) Importer(815301076,1909f56bfc062723c751e8b465ee728b)
Start importing Assets/Resources/eff/firepits.png using Guid(704f0258f5cfe0b478b95bfe940113e0) Importer(815301076,1909f56bfc062723c751e8b465ee728b)  -> (artifact id: '3fd97c6c7f3945335b6356ecc61ce9f5') in 0.026146 seconds
Number of updated asset objects reloaded before import = 0
Number of asset objects unloaded after import = 3
========================================================================
Received Import Request.
  Time since last request: 0.000013 seconds.
  path: Assets/Resources/eff/fireburst.png
  artifactKey: Guid(eb99ae88d4c4a1842aacb84c18e5f3e4) Importer(815301076,1909f56bfc062723c751e8b465ee728b)
Start importing Assets/Resources/eff/fireburst.png using Guid(eb99ae88d4c4a1842aacb84c18e5f3e4) Importer(815301076,1909f56bfc062723c751e8b465ee728b)  -> (artifact id: '368b3194d4f21227c2ba714ecedfea6c') in 0.014129 seconds
Number of updated asset objects reloaded before import = 0
Number of asset objects unloaded after import = 3
========================================================================
Received Import Request.
  Time since last request: 0.000016 seconds.
  path: Assets/Sprites/Effects/Electric Burst/electric_burst_7.png
  artifactKey: Guid(e0e5dd3439d33d0479c8e476e489797e) Importer(815301076,1909f56bfc062723c751e8b465ee728b)
Start importing Assets/Sprites/Effects/Electric Burst/electric_burst_7.png using Guid(e0e5dd3439d33d0479c8e476e489797e) Importer(815301076,1909f56bfc062723c751e8b465ee728b)  -> (artifact id: '213cd418d96be8cabb2e17107c5536d9') in 0.042058 seconds
Number of updated asset objects reloaded before import = 0
Number of asset objects unloaded after import = 3
========================================================================
Received Import Request.
  Time since last request: 0.000017 seconds.
  path: Assets/Third Party/Kenney/Particle samples/Sprites/flame_02.png
  artifactKey: Guid(9d37a6b1631a8004ca900335fcd49fb9) Importer(815301076,1909f56bfc062723c751e8b465ee728b)
Start importing Assets/Third Party/Kenney/Particle samples/Sprites/flame_02.png using Guid(9d37a6b1631a8004ca900335fcd49fb9) Importer(815301076,1909f56bfc062723c751e8b465ee728b)  -> (artifact id: 'f470ff0eca698afb3786145941555265') in 0.091356 seconds
Number of updated asset objects reloaded before import = 0
Number of asset objects unloaded after import = 2
========================================================================
Received Import Request.
  Time since last request: 0.000021 seconds.
  path: Assets/Third Party/Kenney/Particle samples/Sprites/flame_05.png
  artifactKey: Guid(454730afc59620249bc824046854daeb) Importer(815301076,1909f56bfc062723c751e8b465ee728b)
Start importing Assets/Third Party/Kenney/Particle samples/Sprites/flame_05.png using Guid(454730afc59620249bc824046854daeb) Importer(815301076,1909f56bfc062723c751e8b465ee728b)  -> (artifact id: 'fd2940838527e34619edc9764256f804') in 0.012907 seconds
Number of updated asset objects reloaded before import = 0
Number of asset objects unloaded after import = 2
========================================================================
Received Import Request.
  Time since last request: 0.000030 seconds.
  path: Assets/Third Party/Kenney/Particle samples/Sprites/flame_04.png
  artifactKey: Guid(8d4f0edc791cb7449a769932ee080be7) Importer(815301076,1909f56bfc062723c751e8b465ee728b)
Start importing Assets/Third Party/Kenney/Particle samples/Sprites/flame_04.png using Guid(8d4f0edc791cb7449a769932ee080be7) Importer(815301076,1909f56bfc062723c751e8b465ee728b)  -> (artifact id: '8af809aef0caf76ad99db7414d431b46') in 0.077595 seconds
Number of updated asset objects reloaded before import = 0
Number of asset objects unloaded after import = 2
========================================================================
Received Import Request.
  Time since last request: 0.000017 seconds.
  path: Assets/Third Party/SO Architecture/Editor/Icons/Collections/FloatCollectionIcon.png
  artifactKey: Guid(090c91e3b1c62cd4188ca24b83260a43) Importer(815301076,1909f56bfc062723c751e8b465ee728b)
Start importing Assets/Third Party/SO Architecture/Editor/Icons/Collections/FloatCollectionIcon.png using Guid(090c91e3b1c62cd4188ca24b83260a43) Importer(815301076,1909f56bfc062723c751e8b465ee728b)  -> (artifact id: 'c9ab7d2d76fe46ecfc6e57fecebd6aec') in 0.072237 seconds
Number of updated asset objects reloaded before import = 0
Number of asset objects unloaded after import = 2
========================================================================
Received Import Request.
  Time since last request: 0.000018 seconds.
  path: Assets/Third Party/SO Architecture/Editor/Icons/Game Events/FloatGameEventIcon.png
  artifactKey: Guid(0ee88e5fd0ae9db4ebb33c80616911b4) Importer(815301076,1909f56bfc062723c751e8b465ee728b)
Start importing Assets/Third Party/SO Architecture/Editor/Icons/Game Events/FloatGameEventIcon.png using Guid(0ee88e5fd0ae9db4ebb33c80616911b4) Importer(815301076,1909f56bfc062723c751e8b465ee728b)  -> (artifact id: '0323d90001f857154fa2077d87daff40') in 0.010728 seconds
Number of updated asset objects reloaded before import = 0
Number of asset objects unloaded after import = 2
========================================================================
Received Import Request.
  Time since last request: 0.000028 seconds.
  path: Assets/Third Party/Kenney/Particle samples/Sprites/flame_06.png
  artifactKey: Guid(8b48a5bd39f0f854c90f08fe158f2820) Importer(815301076,1909f56bfc062723c751e8b465ee728b)
Start importing Assets/Third Party/Kenney/Particle samples/Sprites/flame_06.png using Guid(8b48a5bd39f0f854c90f08fe158f2820) Importer(815301076,1909f56bfc062723c751e8b465ee728b)  -> (artifact id: '1745c2b4cdf4f7a98915a7afda3af10c') in 0.090775 seconds
Number of updated asset objects reloaded before import = 0
Number of asset objects unloaded after import = 2
========================================================================
Received Import Request.
  Time since last request: 0.000017 seconds.
  path: Assets/Resources/eff/frain-0.png
  artifactKey: Guid(4c24c402984038b43b74caace4bdc0b7) Importer(815301076,1909f56bfc062723c751e8b465ee728b)
Start importing Assets/Resources/eff/frain-0.png using Guid(4c24c402984038b43b74caace4bdc0b7) Importer(815301076,1909f56bfc062723c751e8b465ee728b)  -> (artifact id: '24256508fbe343341fa7d3911178ad1a') in 0.061662 seconds
Number of updated asset objects reloaded before import = 0
Number of asset objects unloaded after import = 3
========================================================================
Received Import Request.
  Time since last request: 0.000021 seconds.
  path: Assets/Resources/eff/forked-lightning.png
  artifactKey: Guid(3e90ad6e9f2e02542a3ea570f45c15a1) Importer(815301076,1909f56bfc062723c751e8b465ee728b)
Start importing Assets/Resources/eff/forked-lightning.png using Guid(3e90ad6e9f2e02542a3ea570f45c15a1) Importer(815301076,1909f56bfc062723c751e8b465ee728b)  -> (artifact id: '645c60305508435f9aa3830b629f1230') in 0.029040 seconds
Number of updated asset objects reloaded before import = 0
Number of asset objects unloaded after import = 3
========================================================================
Received Import Request.
  Time since last request: 0.000020 seconds.
  path: Assets/Third Party/SO Architecture/Editor/Icons/Variables/GameObjectVariableIcon.png
  artifactKey: Guid(a3544c3af310c8f44a5f4947b40c0d58) Importer(815301076,1909f56bfc062723c751e8b465ee728b)
Start importing Assets/Third Party/SO Architecture/Editor/Icons/Variables/GameObjectVariableIcon.png using Guid(a3544c3af310c8f44a5f4947b40c0d58) Importer(815301076,1909f56bfc062723c751e8b465ee728b)  -> (artifact id: 'b447742b0119a53dc1a95e205dab24d1') in 0.078713 seconds
Number of updated asset objects reloaded before import = 0
Number of asset objects unloaded after import = 2
========================================================================
Received Import Request.
  Time since last request: 0.000018 seconds.
  path: Assets/Sprites/Background/Main/groundLayer_green.png
  artifactKey: Guid(90ed22165dd4fd9409d6cba657763ad2) Importer(815301076,1909f56bfc062723c751e8b465ee728b)
Start importing Assets/Sprites/Background/Main/groundLayer_green.png using Guid(90ed22165dd4fd9409d6cba657763ad2) Importer(815301076,1909f56bfc062723c751e8b465ee728b)  -> (artifact id: 'ec1f577a992bcbc85b4b564b08a1792a') in 0.077756 seconds
Number of updated asset objects reloaded before import = 0
Number of asset objects unloaded after import = 3
========================================================================
Received Import Request.
  Time since last request: 0.000023 seconds.
  path: Assets/Resources/eff/icearrow.png
  artifactKey: Guid(d52c7175eb272474dbd54691df49f2f4) Importer(815301076,1909f56bfc062723c751e8b465ee728b)
Start importing Assets/Resources/eff/icearrow.png using Guid(d52c7175eb272474dbd54691df49f2f4) Importer(815301076,1909f56bfc062723c751e8b465ee728b)  -> (artifact id: '11b477f425d3bda9e2d07ad7805d0144') in 0.073880 seconds
Number of updated asset objects reloaded before import = 0
Number of asset objects unloaded after import = 3
========================================================================
Received Import Request.
  Time since last request: 0.000022 seconds.
  path: Assets/Resources/eff/health-0.png
  artifactKey: Guid(8010d4023b1b36c45969364474068346) Importer(815301076,1909f56bfc062723c751e8b465ee728b)
Start importing Assets/Resources/eff/health-0.png using Guid(8010d4023b1b36c45969364474068346) Importer(815301076,1909f56bfc062723c751e8b465ee728b)  -> (artifact id: 'bbaf5444939ed4850e6c2dbf8900c94f') in 0.126945 seconds
Number of updated asset objects reloaded before import = 0
Number of asset objects unloaded after import = 3
========================================================================
Received Import Request.
  Time since last request: 0.000024 seconds.
  path: Assets/Sprites/UI/Icons/icon_atk_up.png
  artifactKey: Guid(5e5d0ca92150837418a4df72d7186502) Importer(815301076,1909f56bfc062723c751e8b465ee728b)
Start importing Assets/Sprites/UI/Icons/icon_atk_up.png using Guid(5e5d0ca92150837418a4df72d7186502) Importer(815301076,1909f56bfc062723c751e8b465ee728b)  -> (artifact id: '2ad9e60af4b9c794c35e7117207abdcf') in 0.052248 seconds
Number of updated asset objects reloaded before import = 0
Number of asset objects unloaded after import = 3
========================================================================
Received Import Request.
  Time since last request: 0.000034 seconds.
  path: Assets/Resources/eff/ignite.png
  artifactKey: Guid(db9d29189975a704d9a5d0d11ddce055) Importer(815301076,1909f56bfc062723c751e8b465ee728b)
Start importing Assets/Resources/eff/ignite.png using Guid(db9d29189975a704d9a5d0d11ddce055) Importer(815301076,1909f56bfc062723c751e8b465ee728b)  -> (artifact id: '24726a6e479fac4c7932eb0cae1af200') in 0.084256 seconds
Number of updated asset objects reloaded before import = 0
Number of asset objects unloaded after import = 3
========================================================================
Received Import Request.
  Time since last request: 0.000015 seconds.
  path: Assets/Third Party/TextMesh Pro/Resources/Fonts & Materials/LiberationSans SDF.asset
  artifactKey: Guid(8f586378b4e144a9851e7b34d9b748ee) Importer(815301076,1909f56bfc062723c751e8b465ee728b)
Start importing Assets/Third Party/TextMesh Pro/Resources/Fonts & Materials/LiberationSans SDF.asset using Guid(8f586378b4e144a9851e7b34d9b748ee) Importer(815301076,1909f56bfc062723c751e8b465ee728b)  -> (artifact id: '2eb22d6cd0be53da5f3fa7628452eab0') in 0.151381 seconds
Number of updated asset objects reloaded before import = 0
Number of asset objects unloaded after import = 9
========================================================================
Received Import Request.
  Time since last request: 0.000020 seconds.
  path: Assets/Third Party/SO Architecture/Editor/Icons/Game Event Listeners/LongGameEventListenerIcon.png
  artifactKey: Guid(5302bfcf6cc90f644b97ab8014833aac) Importer(815301076,1909f56bfc062723c751e8b465ee728b)
Start importing Assets/Third Party/SO Architecture/Editor/Icons/Game Event Listeners/LongGameEventListenerIcon.png using Guid(5302bfcf6cc90f644b97ab8014833aac) Importer(815301076,1909f56bfc062723c751e8b465ee728b)  -> (artifact id: '2ef7ddbb8e739a60591c61b2d7e15bf4') in 0.020330 seconds
Number of updated asset objects reloaded before import = 0
Number of asset objects unloaded after import = 2
========================================================================
Received Import Request.
  Time since last request: 0.000020 seconds.
  path: Assets/Third Party/SO Architecture/Editor/Icons/Variables/LongVariableIcon.png
  artifactKey: Guid(4263932218259524f8182efeb60b2bd8) Importer(815301076,1909f56bfc062723c751e8b465ee728b)
Start importing Assets/Third Party/SO Architecture/Editor/Icons/Variables/LongVariableIcon.png using Guid(4263932218259524f8182efeb60b2bd8) Importer(815301076,1909f56bfc062723c751e8b465ee728b)  -> (artifact id: 'e09c7672756b92675c556bed471f612a') in 0.055890 seconds
Number of updated asset objects reloaded before import = 0
Number of asset objects unloaded after import = 2
========================================================================
Received Import Request.
  Time since last request: 0.000019 seconds.
  path: Assets/Resources/eff/magic-missile.png
  artifactKey: Guid(82f7850a8dbc4904f80216f9603b318b) Importer(815301076,1909f56bfc062723c751e8b465ee728b)
Start importing Assets/Resources/eff/magic-missile.png using Guid(82f7850a8dbc4904f80216f9603b318b) Importer(815301076,1909f56bfc062723c751e8b465ee728b)  -> (artifact id: 'e3d533b0f568b82c25f9b63f64d0b860') in 0.063831 seconds
Number of updated asset objects reloaded before import = 0
Number of asset objects unloaded after import = 3
========================================================================
Received Import Request.
  Time since last request: 0.000024 seconds.
  path: Assets/Third Party/Kenney/Particle samples/Sprites/magic_02.png
  artifactKey: Guid(6e1c93995519b884ab4261eb739fe523) Importer(815301076,1909f56bfc062723c751e8b465ee728b)
Start importing Assets/Third Party/Kenney/Particle samples/Sprites/magic_02.png using Guid(6e1c93995519b884ab4261eb739fe523) Importer(815301076,1909f56bfc062723c751e8b465ee728b)  -> (artifact id: 'c7163e3b849585ae54d012ead1ce366a') in 0.110989 seconds
Number of updated asset objects reloaded before import = 0
Number of asset objects unloaded after import = 2
========================================================================
Received Import Request.
  Time since last request: 0.000026 seconds.
  path: Assets/Resources/eff/meditation.png
  artifactKey: Guid(0255955c4a11883428afd68ce6aebe5d) Importer(815301076,1909f56bfc062723c751e8b465ee728b)
Start importing Assets/Resources/eff/meditation.png using Guid(0255955c4a11883428afd68ce6aebe5d) Importer(815301076,1909f56bfc062723c751e8b465ee728b)  -> (artifact id: 'e9744786f13c7e6b3865f9d561a8263d') in 0.018965 seconds
Number of updated asset objects reloaded before import = 0
Number of asset objects unloaded after import = 3
========================================================================
Received Import Request.
  Time since last request: 0.000052 seconds.
  path: Assets/Sprites/Background/Main/mountains.png
  artifactKey: Guid(8b4f3f02507a7504ca4fe518ff02feb2) Importer(815301076,1909f56bfc062723c751e8b465ee728b)
Start importing Assets/Sprites/Background/Main/mountains.png using Guid(8b4f3f02507a7504ca4fe518ff02feb2) Importer(815301076,1909f56bfc062723c751e8b465ee728b)  -> (artifact id: '806df8f0310152b8997d4fbfcb15b7df') in 0.173307 seconds
Number of updated asset objects reloaded before import = 0
Number of asset objects unloaded after import = 3
========================================================================
Received Import Request.
  Time since last request: 0.000016 seconds.
  path: Assets/Third Party/Kenney/Particle samples/Sprites/muzzle_03.png
  artifactKey: Guid(119a881119c216442a26a064d5ae8ea0) Importer(815301076,1909f56bfc062723c751e8b465ee728b)
Start importing Assets/Third Party/Kenney/Particle samples/Sprites/muzzle_03.png using Guid(119a881119c216442a26a064d5ae8ea0) Importer(815301076,1909f56bfc062723c751e8b465ee728b)  -> (artifact id: '0370b82779704f69171602047131f699') in 0.133101 seconds
Number of updated asset objects reloaded before import = 0
Number of asset objects unloaded after import = 2
========================================================================
Received Import Request.
  Time since last request: 0.000024 seconds.
  path: Assets/Third Party/SO Architecture/Editor/Icons/Game Events/ObjectGameEventIcon.png
  artifactKey: Guid(b6ba1c484fe92cf4ca131d9a900eb7da) Importer(815301076,1909f56bfc062723c751e8b465ee728b)
Start importing Assets/Third Party/SO Architecture/Editor/Icons/Game Events/ObjectGameEventIcon.png using Guid(b6ba1c484fe92cf4ca131d9a900eb7da) Importer(815301076,1909f56bfc062723c751e8b465ee728b)  -> (artifact id: 'b65fa1cff3f66ad35071bd27c4c88127') in 0.149160 seconds
Number of updated asset objects reloaded before import = 0
Number of asset objects unloaded after import = 2
========================================================================
Received Import Request.
  Time since last request: 0.000026 seconds.
  path: Assets/Resources/eff/poison-cloud.png
  artifactKey: Guid(1b01d71ba7b87844a9c9d71f93a7a633) Importer(815301076,1909f56bfc062723c751e8b465ee728b)
Start importing Assets/Resources/eff/poison-cloud.png using Guid(1b01d71ba7b87844a9c9d71f93a7a633) Importer(815301076,1909f56bfc062723c751e8b465ee728b)  -> (artifact id: '19832af6898ef6648dc3fbd93015a502') in 0.026834 seconds
Number of updated asset objects reloaded before import = 0
Number of asset objects unloaded after import = 3
========================================================================
Received Import Request.
  Time since last request: 0.000021 seconds.
  path: Assets/Sprites/Background/Details/pyramid.png
  artifactKey: Guid(84d6c17757f245f47b9f735be4de265b) Importer(815301076,1909f56bfc062723c751e8b465ee728b)
Start importing Assets/Sprites/Background/Details/pyramid.png using Guid(84d6c17757f245f47b9f735be4de265b) Importer(815301076,1909f56bfc062723c751e8b465ee728b)  -> (artifact id: 'cb1bfd9574572cfff5a327a30e1d922b') in 0.045718 seconds
Number of updated asset objects reloaded before import = 0
Number of asset objects unloaded after import = 3
========================================================================
Received Import Request.
  Time since last request: 0.000015 seconds.
  path: Assets/Resources/Effect/Common/overlay_lower.png
  artifactKey: Guid(f8a6a70b8cc3ed9418d3072624d16391) Importer(815301076,1909f56bfc062723c751e8b465ee728b)
Start importing Assets/Resources/Effect/Common/overlay_lower.png using Guid(f8a6a70b8cc3ed9418d3072624d16391) Importer(815301076,1909f56bfc062723c751e8b465ee728b)  -> (artifact id: '0ef23683b6e0a68ff2446a7f744e9317') in 0.063662 seconds
Number of updated asset objects reloaded before import = 0
Number of asset objects unloaded after import = 2
========================================================================
Received Import Request.
  Time since last request: 0.000018 seconds.
  path: Assets/Third Party/SO Architecture/Editor/Icons/Variables/ObjectVariableIcon.png
  artifactKey: Guid(acd051de47773d84f9371e040d45f547) Importer(815301076,1909f56bfc062723c751e8b465ee728b)
Start importing Assets/Third Party/SO Architecture/Editor/Icons/Variables/ObjectVariableIcon.png using Guid(acd051de47773d84f9371e040d45f547) Importer(815301076,1909f56bfc062723c751e8b465ee728b)  -> (artifact id: 'a837c53158164feb804801bc0e212119') in 0.037649 seconds
Number of updated asset objects reloaded before import = 0
Number of asset objects unloaded after import = 2
========================================================================
Received Import Request.
  Time since last request: 0.000018 seconds.
  path: Assets/Resources/eff/meteor.png
  artifactKey: Guid(1d42756232b8ca24c8066921a2589bbc) Importer(815301076,1909f56bfc062723c751e8b465ee728b)
Start importing Assets/Resources/eff/meteor.png using Guid(1d42756232b8ca24c8066921a2589bbc) Importer(815301076,1909f56bfc062723c751e8b465ee728b)  -> (artifact id: '8e01f36b4aa76fe7f6bd82b0f6db4939') in 0.015007 seconds
Number of updated asset objects reloaded before import = 0
Number of asset objects unloaded after import = 3
========================================================================
Received Import Request.
  Time since last request: 0.000033 seconds.
  path: Assets/Third Party/Kenney/Particle samples/Sprites/Rotated/muzzle_02_rotated.png
  artifactKey: Guid(4a07fe369c7a95e47ba431b7f69009d0) Importer(815301076,1909f56bfc062723c751e8b465ee728b)
Start importing Assets/Third Party/Kenney/Particle samples/Sprites/Rotated/muzzle_02_rotated.png using Guid(4a07fe369c7a95e47ba431b7f69009d0) Importer(815301076,1909f56bfc062723c751e8b465ee728b)  -> (artifact id: 'd56f1f9412b5d3290e580b51b509a495') in 0.113923 seconds
Number of updated asset objects reloaded before import = 0
Number of asset objects unloaded after import = 2
========================================================================
Received Import Request.
  Time since last request: 0.000021 seconds.
  path: Assets/Resources/eff/resonator.png
  artifactKey: Guid(d8429c871f35748478ac42caa338eba1) Importer(815301076,1909f56bfc062723c751e8b465ee728b)
Start importing Assets/Resources/eff/resonator.png using Guid(d8429c871f35748478ac42caa338eba1) Importer(815301076,1909f56bfc062723c751e8b465ee728b)  -> (artifact id: '0710c7de2d4a81d554d93e7745b1b9a0') in 0.079830 seconds
Number of updated asset objects reloaded before import = 0
Number of asset objects unloaded after import = 3
========================================================================
Received Import Request.
  Time since last request: 0.000017 seconds.
  path: Assets/Third Party/Kenney/Particle samples/Sprites/scorch_02.png
  artifactKey: Guid(65c02e8c971753346b2f25d8cde6cb62) Importer(815301076,1909f56bfc062723c751e8b465ee728b)
Start importing Assets/Third Party/Kenney/Particle samples/Sprites/scorch_02.png using Guid(65c02e8c971753346b2f25d8cde6cb62) Importer(815301076,1909f56bfc062723c751e8b465ee728b)  -> (artifact id: 'eac70cee64068af0c420d4b881952ad8') in 0.044601 seconds
Number of updated asset objects reloaded before import = 0
Number of asset objects unloaded after import = 2
========================================================================
Received Import Request.
  Time since last request: 0.000017 seconds.
  path: Assets/Sprites/Effects/Shield/shield_0.png
  artifactKey: Guid(3f49c1d5ebc23844ab8f8de3371a5317) Importer(815301076,1909f56bfc062723c751e8b465ee728b)
Start importing Assets/Sprites/Effects/Shield/shield_0.png using Guid(3f49c1d5ebc23844ab8f8de3371a5317) Importer(815301076,1909f56bfc062723c751e8b465ee728b)  -> (artifact id: 'e3a4a907d548dd4d5678999a56378f8f') in 0.047589 seconds
Number of updated asset objects reloaded before import = 0
Number of asset objects unloaded after import = 3
========================================================================
Received Import Request.
  Time since last request: 0.000030 seconds.
  path: Assets/Sprites/Background/Details/houseSmallAlt1.png
  artifactKey: Guid(03021f52f815c3146b4092c0e1447a7d) Importer(815301076,1909f56bfc062723c751e8b465ee728b)
Start importing Assets/Sprites/Background/Details/houseSmallAlt1.png using Guid(03021f52f815c3146b4092c0e1447a7d) Importer(815301076,1909f56bfc062723c751e8b465ee728b)  -> (artifact id: '61803327a4e5e2d4d14c49f71679462f') in 0.035059 seconds
Number of updated asset objects reloaded before import = 0
Number of asset objects unloaded after import = 3
========================================================================
Received Import Request.
  Time since last request: 0.000019 seconds.
  path: Assets/Resources/eff/mageoffire-0.png
  artifactKey: Guid(e66883e4ea3552a4794a5b865815d28a) Importer(815301076,1909f56bfc062723c751e8b465ee728b)
Start importing Assets/Resources/eff/mageoffire-0.png using Guid(e66883e4ea3552a4794a5b865815d28a) Importer(815301076,1909f56bfc062723c751e8b465ee728b)  -> (artifact id: 'ad3add52a83a06f38313bcc125236c07') in 0.043366 seconds
Number of updated asset objects reloaded before import = 0
Number of asset objects unloaded after import = 3
========================================================================
Received Import Request.
  Time since last request: 0.000020 seconds.
  path: Assets/Sprites/Effects/Shield/shield_3.png
  artifactKey: Guid(d61214a2f88819c4aa1ce6f372a52574) Importer(815301076,1909f56bfc062723c751e8b465ee728b)
Start importing Assets/Sprites/Effects/Shield/shield_3.png using Guid(d61214a2f88819c4aa1ce6f372a52574) Importer(815301076,1909f56bfc062723c751e8b465ee728b)  -> (artifact id: 'd6c49216f79a35192f6d0272018774d0') in 0.021262 seconds
Number of updated asset objects reloaded before import = 0
Number of asset objects unloaded after import = 3
========================================================================
Received Import Request.
  Time since last request: 0.000016 seconds.
  path: Assets/Third Party/Kenney/Particle samples/Sprites/magic_05.png
  artifactKey: Guid(9417a95ee7e3c214e9b35372fd8e9861) Importer(815301076,1909f56bfc062723c751e8b465ee728b)
Start importing Assets/Third Party/Kenney/Particle samples/Sprites/magic_05.png using Guid(9417a95ee7e3c214e9b35372fd8e9861) Importer(815301076,1909f56bfc062723c751e8b465ee728b)  -> (artifact id: '92a3361e223974b935f26180736a2033') in 0.051019 seconds
Number of updated asset objects reloaded before import = 0
Number of asset objects unloaded after import = 2
========================================================================
Received Import Request.
  Time since last request: 0.000021 seconds.
  path: Assets/Sprites/UI/Icons/icon_def_up.png
  artifactKey: Guid(8f83b3cd46af4de4f88bd8bbdd79afc5) Importer(815301076,1909f56bfc062723c751e8b465ee728b)
Start importing Assets/Sprites/UI/Icons/icon_def_up.png using Guid(8f83b3cd46af4de4f88bd8bbdd79afc5) Importer(815301076,1909f56bfc062723c751e8b465ee728b)  -> (artifact id: '4f5cc808d7e0d46185610570d5f16060') in 0.041783 seconds
Number of updated asset objects reloaded before import = 0
Number of asset objects unloaded after import = 3
========================================================================
Received Import Request.
  Time since last request: 10.878099 seconds.
  path: Assets/Sprites/Effects/Slash/slash_1.png
  artifactKey: Guid(8493bb4469314ab458c1d1a8f987ef5c) Importer(815301076,1909f56bfc062723c751e8b465ee728b)
Start importing Assets/Sprites/Effects/Slash/slash_1.png using Guid(8493bb4469314ab458c1d1a8f987ef5c) Importer(815301076,1909f56bfc062723c751e8b465ee728b)  -> (artifact id: '37ac0c8d8f678878ba4b15f29a73b9a8') in 0.079544 seconds
Number of updated asset objects reloaded before import = 0
Number of asset objects unloaded after import = 3
========================================================================
Received Import Request.
  Time since last request: 0.000017 seconds.
  path: Assets/Sprites/Effects/Slash/slash_4.png
  artifactKey: Guid(bee385ba4880b37499b33348f5784492) Importer(815301076,1909f56bfc062723c751e8b465ee728b)
Start importing Assets/Sprites/Effects/Slash/slash_4.png using Guid(bee385ba4880b37499b33348f5784492) Importer(815301076,1909f56bfc062723c751e8b465ee728b)  -> (artifact id: 'bd89fd6867fdce79e0838fa700ba333e') in 0.039920 seconds
Number of updated asset objects reloaded before import = 0
Number of asset objects unloaded after import = 3
Editor requested this worker to shutdown with reason: Scaling down because of idle timeout
TcpMessagingSession - receive error: operation aborted. errorcode: 995, details: The I/O operation has been aborted because of either a thread exit or an application request.
AssetImportWorker is now disconnected from the server
Process exiting
Exiting without the bug reporter. Application will terminate with return code 0