Using pre-set license
Built from '2022.3/staging' branch; Version is '2022.3.4f1 (35713cd46cd7) revision 3502396'; Using compiler version '192829333'; Build Type 'Release'
OS: 'Windows 11  (10.0.22621) 64bit Core' Language: 'en' Physical Memory: 15775 MB
BatchMode: 1, IsHumanControllingUs: 0, StartBugReporterOnCrash: 0, Is64bit: 1, IsPro: 1

COMMAND LINE ARGUMENTS:
C:\Program Files\Unity\Hub\Editor\2022.3.4f1\Editor\Unity.exe
-adb2
-batchMode
-noUpm
-name
AssetImportWorker2
-projectPath
D:/Development/GitHub/HeroSim/Become the Hero
-logFile
Logs/AssetImportWorker2.log
-srvPort
52242
Successfully changed project path to: D:/Development/GitHub/HeroSim/Become the Hero
D:/Development/GitHub/HeroSim/Become the Hero
[UnityMemory] Configuration Parameters - Can be set up in boot.config
    "memorysetup-bucket-allocator-granularity=16"
    "memorysetup-bucket-allocator-bucket-count=8"
    "memorysetup-bucket-allocator-block-size=33554432"
    "memorysetup-bucket-allocator-block-count=8"
    "memorysetup-main-allocator-block-size=16777216"
    "memorysetup-thread-allocator-block-size=16777216"
    "memorysetup-gfx-main-allocator-block-size=16777216"
    "memorysetup-gfx-thread-allocator-block-size=16777216"
    "memorysetup-cache-allocator-block-size=4194304"
    "memorysetup-typetree-allocator-block-size=2097152"
    "memorysetup-profiler-bucket-allocator-granularity=16"
    "memorysetup-profiler-bucket-allocator-bucket-count=8"
    "memorysetup-profiler-bucket-allocator-block-size=33554432"
    "memorysetup-profiler-bucket-allocator-block-count=8"
    "memorysetup-profiler-allocator-block-size=16777216"
    "memorysetup-profiler-editor-allocator-block-size=1048576"
    "memorysetup-temp-allocator-size-main=16777216"
    "memorysetup-job-temp-allocator-block-size=2097152"
    "memorysetup-job-temp-allocator-block-size-background=1048576"
    "memorysetup-job-temp-allocator-reduction-small-platforms=262144"
    "memorysetup-allocator-temp-initial-block-size-main=262144"
    "memorysetup-allocator-temp-initial-block-size-worker=262144"
    "memorysetup-temp-allocator-size-background-worker=32768"
    "memorysetup-temp-allocator-size-job-worker=262144"
    "memorysetup-temp-allocator-size-preload-manager=33554432"
    "memorysetup-temp-allocator-size-nav-mesh-worker=65536"
    "memorysetup-temp-allocator-size-audio-worker=65536"
    "memorysetup-temp-allocator-size-cloud-worker=32768"
    "memorysetup-temp-allocator-size-gi-baking-worker=262144"
    "memorysetup-temp-allocator-size-gfx=262144"
Player connection [6184] Host "[IP] 192.168.1.61 [Port] 0 [Flags] 2 [Guid] 3638086194 [EditorId] 3638086194 [Version] 1048832 [Id] WindowsEditor(7,EVAN_LAPTOP) [Debug] 1 [PackageName] WindowsEditor [ProjectName] Editor" joined multi-casting on [225.0.0.222:54997]...

Player connection [6184] Host "[IP] 192.168.1.61 [Port] 0 [Flags] 2 [Guid] 3638086194 [EditorId] 3638086194 [Version] 1048832 [Id] WindowsEditor(7,EVAN_LAPTOP) [Debug] 1 [PackageName] WindowsEditor [ProjectName] Editor" joined alternative multi-casting on [225.0.0.222:34997]...

Refreshing native plugins compatible for Editor in 16.22 ms, found 2 plugins.
Preloading 0 native plugins for Editor in 0.00 ms.
Initialize engine version: 2022.3.4f1 (35713cd46cd7)
[Subsystems] Discovering subsystems at path C:/Program Files/Unity/Hub/Editor/2022.3.4f1/Editor/Data/Resources/UnitySubsystems
[Subsystems] Discovering subsystems at path D:/Development/GitHub/HeroSim/Become the Hero/Assets
GfxDevice: creating device client; threaded=0; jobified=0
Direct3D:
    Version:  Direct3D 11.0 [level 11.1]
    Renderer: NVIDIA GeForce RTX 3060 Laptop GPU (ID=0x2520)
    Vendor:   NVIDIA
    VRAM:     6023 MB
    Driver:   31.0.15.1640
Initialize mono
Mono path[0] = 'C:/Program Files/Unity/Hub/Editor/2022.3.4f1/Editor/Data/Managed'
Mono path[1] = 'C:/Program Files/Unity/Hub/Editor/2022.3.4f1/Editor/Data/MonoBleedingEdge/lib/mono/unityjit-win32'
Mono config path = 'C:/Program Files/Unity/Hub/Editor/2022.3.4f1/Editor/Data/MonoBleedingEdge/etc'
Using monoOptions --debugger-agent=transport=dt_socket,embedding=1,server=y,suspend=n,address=127.0.0.1:56120
Begin MonoManager ReloadAssembly
Registering precompiled unity dll's ...
Register platform support module: C:/Program Files/Unity/Hub/Editor/2022.3.4f1/Editor/Data/PlaybackEngines/AndroidPlayer/UnityEditor.Android.Extensions.dll
Register platform support module: C:/Program Files/Unity/Hub/Editor/2022.3.4f1/Editor/Data/PlaybackEngines/WindowsStandaloneSupport/UnityEditor.WindowsStandalone.Extensions.dll
Register platform support module: C:/Program Files/Unity/Hub/Editor/2022.3.4f1/Editor/Data/PlaybackEngines/MetroSupport/UnityEditor.UWP.Extensions.dll
Registered in 0.008166 seconds.
- Loaded All Assemblies, in  0.299 seconds
Native extension for UWP target not found
Native extension for WindowsStandalone target not found
Native extension for Android target not found
Android Extension - Scanning For ADB Devices 226 ms
Mono: successfully reloaded assembly
- Finished resetting the current domain, in  0.490 seconds
Domain Reload Profiling: 788ms
	BeginReloadAssembly (81ms)
		ExecutionOrderSort (0ms)
		DisableScriptedObjects (0ms)
		BackupInstance (0ms)
		ReleaseScriptingObjects (0ms)
		CreateAndSetChildDomain (1ms)
	RebuildCommonClasses (29ms)
	RebuildNativeTypeToScriptingClass (8ms)
	initialDomainReloadingComplete (52ms)
	LoadAllAssembliesAndSetupDomain (128ms)
		LoadAssemblies (80ms)
		RebuildTransferFunctionScriptingTraits (0ms)
		AnalyzeDomain (123ms)
			TypeCache.Refresh (122ms)
				TypeCache.ScanAssembly (111ms)
			ScanForSourceGeneratedMonoScriptInfo (0ms)
			ResolveRequiredComponents (0ms)
	FinalizeReload (491ms)
		ReleaseScriptCaches (0ms)
		RebuildScriptCaches (0ms)
		SetupLoadedEditorAssemblies (446ms)
			LogAssemblyErrors (0ms)
			InitializePlatformSupportModulesInManaged (330ms)
			SetLoadedEditorAssemblies (3ms)
			RefreshPlugins (0ms)
			BeforeProcessingInitializeOnLoad (2ms)
			ProcessInitializeOnLoadAttributes (76ms)
			ProcessInitializeOnLoadMethodAttributes (35ms)
			AfterProcessingInitializeOnLoad (0ms)
			EditorAssembliesLoaded (0ms)
		ExecutionOrderSort2 (0ms)
		AwakeInstancesAfterBackupRestoration (0ms)
========================================================================
Worker process is ready to serve import requests
Begin MonoManager ReloadAssembly
Symbol file LoadedFromMemory is not a mono symbol file
- Loaded All Assemblies, in  0.694 seconds
Refreshing native plugins compatible for Editor in 6.16 ms, found 2 plugins.
Native extension for UWP target not found
Native extension for WindowsStandalone target not found
Native extension for Android target not found
Mono: successfully reloaded assembly
- Finished resetting the current domain, in  1.434 seconds
Domain Reload Profiling: 2126ms
	BeginReloadAssembly (115ms)
		ExecutionOrderSort (0ms)
		DisableScriptedObjects (5ms)
		BackupInstance (0ms)
		ReleaseScriptingObjects (0ms)
		CreateAndSetChildDomain (25ms)
	RebuildCommonClasses (28ms)
	RebuildNativeTypeToScriptingClass (8ms)
	initialDomainReloadingComplete (39ms)
	LoadAllAssembliesAndSetupDomain (502ms)
		LoadAssemblies (293ms)
		RebuildTransferFunctionScriptingTraits (0ms)
		AnalyzeDomain (261ms)
			TypeCache.Refresh (236ms)
				TypeCache.ScanAssembly (220ms)
			ScanForSourceGeneratedMonoScriptInfo (21ms)
			ResolveRequiredComponents (3ms)
	FinalizeReload (1434ms)
		ReleaseScriptCaches (0ms)
		RebuildScriptCaches (0ms)
		SetupLoadedEditorAssemblies (1297ms)
			LogAssemblyErrors (0ms)
			InitializePlatformSupportModulesInManaged (19ms)
			SetLoadedEditorAssemblies (2ms)
			RefreshPlugins (0ms)
			BeforeProcessingInitializeOnLoad (57ms)
			ProcessInitializeOnLoadAttributes (946ms)
			ProcessInitializeOnLoadMethodAttributes (268ms)
			AfterProcessingInitializeOnLoad (5ms)
			EditorAssembliesLoaded (0ms)
		ExecutionOrderSort2 (0ms)
		AwakeInstancesAfterBackupRestoration (5ms)
Launched and connected shader compiler UnityShaderCompiler.exe after 0.04 seconds
Refreshing native plugins compatible for Editor in 8.38 ms, found 2 plugins.
Preloading 0 native plugins for Editor in 0.00 ms.
Unloading 4506 Unused Serialized files (Serialized files now loaded: 0)
Unloading 97 unused Assets / (359.2 KB). Loaded Objects now: 5002.
Memory consumption went from 162.5 MB to 162.1 MB.
Total: 25.835600 ms (FindLiveObjects: 0.368900 ms CreateObjectMapping: 0.288400 ms MarkObjects: 24.925300 ms  DeleteObjects: 0.251900 ms)

AssetImportParameters requested are different than current active one (requested -> active):
  custom:container-demuxer-ogg: 62fdf1f143b41e24485cea50d1cbac27 -> 
  custom:video-codec-MediaFoundation-h265: 746d11721c4dcdbdad8f713fa42b33f4 -> 
  custom:video-decoder-ogg-theora: a1e56fd34408186e4bbccfd4996cb3dc -> 
  custom:framework-win-MediaFoundation: 216162199b28c13a410421893ffa2e32 -> 
  custom:CustomObjectIndexerAttribute: 756ad292c208cfabdd7b50bc23989ffe -> 
  custom:container-demuxer-webm: 4f35f7cbe854078d1ac9338744f61a02 -> 
  custom:container-muxer-webm: aa71ff27fc2769a1b78a27578f13a17b -> 
  custom:video-decoder-webm-vp8: 9c59270c3fd7afecdb556c50c9e8de78 -> 
  custom:AudioImporter_EditorPlatform: d09bf68614088b80899f8185d706f6e7 -> 
  custom:video-encoder-webm-vp8: eb34c28f22e8b96e1ab97ce403110664 -> 
  custom:audio-decoder-ogg-vorbis: bf7c407c2cedff20999df2af8eb42d56 -> 
  custom:audio-encoder-webm-vorbis: bf7c407c2cedff20999df2af8eb42d56 -> 
========================================================================
Received Import Request.
  Time since last request: 69680.166295 seconds.
  path: Assets/Third Party/DOTween Configs/Runtime/Configs/Serializable/Position
  artifactKey: Guid(185a75c2b8567844d8875018c06260c1) Importer(815301076,1909f56bfc062723c751e8b465ee728b)
Start importing Assets/Third Party/DOTween Configs/Runtime/Configs/Serializable/Position using Guid(185a75c2b8567844d8875018c06260c1) Importer(815301076,1909f56bfc062723c751e8b465ee728b)  -> (artifact id: '1942ced614b56e4424e2469cfb187d72') in 0.002140 seconds
Number of updated asset objects reloaded before import = 0
Number of asset objects unloaded after import = 0
========================================================================
Received Import Request.
  Time since last request: 0.768512 seconds.
  path: Assets/Third Party/DOTween Configs/Runtime/Configs/Serializable/Position/Position2DTweenConfig.cs
  artifactKey: Guid(c15a4b8193dd9aa43ab71c76d7a8f817) Importer(815301076,1909f56bfc062723c751e8b465ee728b)
Start importing Assets/Third Party/DOTween Configs/Runtime/Configs/Serializable/Position/Position2DTweenConfig.cs using Guid(c15a4b8193dd9aa43ab71c76d7a8f817) Importer(815301076,1909f56bfc062723c751e8b465ee728b)  -> (artifact id: 'a54f42ffdd6856fdd3bb9f5a1cc59ba8') in 0.000419 seconds
Number of updated asset objects reloaded before import = 0
Number of asset objects unloaded after import = 0
========================================================================
Received Import Request.
  Time since last request: 140.445113 seconds.
  path: Assets/Third Party/DOTween Configs/Runtime/Extensions/DOTweenExtensions.Camera.cs
  artifactKey: Guid(a1763cb38c3b2684383f03099da91191) Importer(815301076,1909f56bfc062723c751e8b465ee728b)
Start importing Assets/Third Party/DOTween Configs/Runtime/Extensions/DOTweenExtensions.Camera.cs using Guid(a1763cb38c3b2684383f03099da91191) Importer(815301076,1909f56bfc062723c751e8b465ee728b)  -> (artifact id: 'eaa816f33d41b4ecc28ecfa24f72bb47') in 0.000424 seconds
Number of updated asset objects reloaded before import = 0
Number of asset objects unloaded after import = 0
========================================================================
Received Import Request.
  Time since last request: 75.450727 seconds.
  path: Assets/Third Party/DOTween Configs/Runtime/Extensions/DOTweenExtensions.Light.cs
  artifactKey: Guid(99051000b71a7f5418171ad00cdb3da7) Importer(815301076,1909f56bfc062723c751e8b465ee728b)
Start importing Assets/Third Party/DOTween Configs/Runtime/Extensions/DOTweenExtensions.Light.cs using Guid(99051000b71a7f5418171ad00cdb3da7) Importer(815301076,1909f56bfc062723c751e8b465ee728b)  -> (artifact id: 'd072a0be01c1e5c4eef1a24c812fd058') in 0.000469 seconds
Number of updated asset objects reloaded before import = 0
Number of asset objects unloaded after import = 0
========================================================================
Received Import Request.
  Time since last request: 0.754684 seconds.
  path: Assets/Third Party/DOTween Configs/Runtime/Extensions/DOTweenExtensions.Material.cs
  artifactKey: Guid(baafdd37f0e1c2142a126cafcf985595) Importer(815301076,1909f56bfc062723c751e8b465ee728b)
Start importing Assets/Third Party/DOTween Configs/Runtime/Extensions/DOTweenExtensions.Material.cs using Guid(baafdd37f0e1c2142a126cafcf985595) Importer(815301076,1909f56bfc062723c751e8b465ee728b)  -> (artifact id: '70d7cee46f9e9766352ad33c5ce71069') in 0.000441 seconds
Number of updated asset objects reloaded before import = 0
Number of asset objects unloaded after import = 0
========================================================================
Received Import Request.
  Time since last request: 0.685980 seconds.
  path: Assets/Third Party/DOTween Configs/Runtime/Extensions/DOTweenExtensions.RectTransform.cs
  artifactKey: Guid(d6a634fc594f79a4aae5f66438aeafcc) Importer(815301076,1909f56bfc062723c751e8b465ee728b)
Start importing Assets/Third Party/DOTween Configs/Runtime/Extensions/DOTweenExtensions.RectTransform.cs using Guid(d6a634fc594f79a4aae5f66438aeafcc) Importer(815301076,1909f56bfc062723c751e8b465ee728b)  -> (artifact id: '8bc38a5857606f0954b2af2a51a476a3') in 0.000403 seconds
Number of updated asset objects reloaded before import = 0
Number of asset objects unloaded after import = 0
========================================================================
Received Import Request.
  Time since last request: 1.879539 seconds.
  path: Assets/Third Party/DOTween Configs/Runtime/Extensions/DOTweenExtensions.RigidBody2D.cs
  artifactKey: Guid(c100e4b8a4663494b991a1bf6c6856a8) Importer(815301076,1909f56bfc062723c751e8b465ee728b)
Start importing Assets/Third Party/DOTween Configs/Runtime/Extensions/DOTweenExtensions.RigidBody2D.cs using Guid(c100e4b8a4663494b991a1bf6c6856a8) Importer(815301076,1909f56bfc062723c751e8b465ee728b)  -> (artifact id: '92c72ccf06f1e600b9b1bf3ca061e6b1') in 0.000396 seconds
Number of updated asset objects reloaded before import = 0
Number of asset objects unloaded after import = 0
========================================================================
Received Import Request.
  Time since last request: 0.575319 seconds.
  path: Assets/Third Party/DOTween Configs/Runtime/Extensions/DOTweenExtensions.RigidBody.cs
  artifactKey: Guid(388d2e8fdc5b9da48a2d157bdb72de14) Importer(815301076,1909f56bfc062723c751e8b465ee728b)
Start importing Assets/Third Party/DOTween Configs/Runtime/Extensions/DOTweenExtensions.RigidBody.cs using Guid(388d2e8fdc5b9da48a2d157bdb72de14) Importer(815301076,1909f56bfc062723c751e8b465ee728b)  -> (artifact id: '6870b06da136a723e283233c19b4979e') in 0.000455 seconds
Number of updated asset objects reloaded before import = 0
Number of asset objects unloaded after import = 0
========================================================================
Received Import Request.
  Time since last request: 0.736434 seconds.
  path: Assets/Third Party/DOTween Configs/Runtime/Extensions/DOTweenExtensions.SpriteRenderer.cs
  artifactKey: Guid(99665fdd17e650144b757d7e834e0ee4) Importer(815301076,1909f56bfc062723c751e8b465ee728b)
Start importing Assets/Third Party/DOTween Configs/Runtime/Extensions/DOTweenExtensions.SpriteRenderer.cs using Guid(99665fdd17e650144b757d7e834e0ee4) Importer(815301076,1909f56bfc062723c751e8b465ee728b)  -> (artifact id: '97257e8a9f2b7a321ab8474c516bc76e') in 0.000400 seconds
Number of updated asset objects reloaded before import = 0
Number of asset objects unloaded after import = 0
========================================================================
Received Import Request.
  Time since last request: 0.572801 seconds.
  path: Assets/Third Party/DOTween Configs/Runtime/Extensions/DOTweenExtensions.Transform.cs
  artifactKey: Guid(9c197a46bde91874a9f57edd5f2d7d35) Importer(815301076,1909f56bfc062723c751e8b465ee728b)
Start importing Assets/Third Party/DOTween Configs/Runtime/Extensions/DOTweenExtensions.Transform.cs using Guid(9c197a46bde91874a9f57edd5f2d7d35) Importer(815301076,1909f56bfc062723c751e8b465ee728b)  -> (artifact id: 'b3c61ffd0e7a68001bbe84f6ea9ef8a0') in 0.000544 seconds
Number of updated asset objects reloaded before import = 0
Number of asset objects unloaded after import = 0
========================================================================
Received Import Request.
  Time since last request: 0.916249 seconds.
  path: Assets/Third Party/DOTween Configs/Runtime/Extensions/DOTweenExtensions.UI.Graphic.cs
  artifactKey: Guid(d6b936846c4b2c1409ebc1cee38f7f80) Importer(815301076,1909f56bfc062723c751e8b465ee728b)
Start importing Assets/Third Party/DOTween Configs/Runtime/Extensions/DOTweenExtensions.UI.Graphic.cs using Guid(d6b936846c4b2c1409ebc1cee38f7f80) Importer(815301076,1909f56bfc062723c751e8b465ee728b)  -> (artifact id: '8ce4a87727d31ae3456da7312f296e4c') in 0.000446 seconds
Number of updated asset objects reloaded before import = 0
Number of asset objects unloaded after import = 0
========================================================================
Received Import Request.
  Time since last request: 0.358859 seconds.
  path: Assets/Third Party/DOTween Configs/Runtime/Extensions/DOTweenExtensions.UI.Image.cs
  artifactKey: Guid(b2dbc4efc5eeef04597aec5c9a211abf) Importer(815301076,1909f56bfc062723c751e8b465ee728b)
Start importing Assets/Third Party/DOTween Configs/Runtime/Extensions/DOTweenExtensions.UI.Image.cs using Guid(b2dbc4efc5eeef04597aec5c9a211abf) Importer(815301076,1909f56bfc062723c751e8b465ee728b)  -> (artifact id: 'aac3ea72ab7a9f660847af66bd7943d8') in 0.000561 seconds
Number of updated asset objects reloaded before import = 0
Number of asset objects unloaded after import = 0
========================================================================
Received Import Request.
  Time since last request: 3.232208 seconds.
  path: Assets/Third Party/DOTween Configs/Runtime/Extensions/DOTweenExtensions.UI.Outline.cs
  artifactKey: Guid(e479f3b53a06c9943b86b9247cb856c9) Importer(815301076,1909f56bfc062723c751e8b465ee728b)
Start importing Assets/Third Party/DOTween Configs/Runtime/Extensions/DOTweenExtensions.UI.Outline.cs using Guid(e479f3b53a06c9943b86b9247cb856c9) Importer(815301076,1909f56bfc062723c751e8b465ee728b)  -> (artifact id: 'b988ed8aa86b270246c5d03cacf9a83a') in 0.000423 seconds
Number of updated asset objects reloaded before import = 0
Number of asset objects unloaded after import = 0
========================================================================
Received Import Request.
  Time since last request: 0.540311 seconds.
  path: Assets/Third Party/DOTween Configs/Runtime/Extensions/DOTweenExtensions.UI.Text.cs
  artifactKey: Guid(28737bd2e1edacc4e82541aa213b68b7) Importer(815301076,1909f56bfc062723c751e8b465ee728b)
Start importing Assets/Third Party/DOTween Configs/Runtime/Extensions/DOTweenExtensions.UI.Text.cs using Guid(28737bd2e1edacc4e82541aa213b68b7) Importer(815301076,1909f56bfc062723c751e8b465ee728b)  -> (artifact id: 'f6033fe46f3af6bb28c6e32a59c040cd') in 0.000411 seconds
Number of updated asset objects reloaded before import = 0
Number of asset objects unloaded after import = 0
========================================================================
Received Import Request.
  Time since last request: 8.508282 seconds.
  path: Assets/Third Party/DOTween Configs
  artifactKey: Guid(9f85c927785588845b460ac60a10621f) Importer(815301076,1909f56bfc062723c751e8b465ee728b)
Start importing Assets/Third Party/DOTween Configs using Guid(9f85c927785588845b460ac60a10621f) Importer(815301076,1909f56bfc062723c751e8b465ee728b)  -> (artifact id: '563a455d6bf7c27d17ef2da25b69b005') in 0.000396 seconds
Number of updated asset objects reloaded before import = 0
Number of asset objects unloaded after import = 0
========================================================================
Received Prepare
Begin MonoManager ReloadAssembly
Symbol file LoadedFromMemory is not a mono symbol file
- Loaded All Assemblies, in  0.708 seconds
Refreshing native plugins compatible for Editor in 5.85 ms, found 2 plugins.
Native extension for UWP target not found
Native extension for WindowsStandalone target not found
Native extension for Android target not found
Mono: successfully reloaded assembly
- Finished resetting the current domain, in  1.784 seconds
Domain Reload Profiling: 2491ms
	BeginReloadAssembly (158ms)
		ExecutionOrderSort (0ms)
		DisableScriptedObjects (4ms)
		BackupInstance (0ms)
		ReleaseScriptingObjects (0ms)
		CreateAndSetChildDomain (59ms)
	RebuildCommonClasses (28ms)
	RebuildNativeTypeToScriptingClass (8ms)
	initialDomainReloadingComplete (34ms)
	LoadAllAssembliesAndSetupDomain (478ms)
		LoadAssemblies (280ms)
		RebuildTransferFunctionScriptingTraits (0ms)
		AnalyzeDomain (260ms)
			TypeCache.Refresh (253ms)
				TypeCache.ScanAssembly (236ms)
			ScanForSourceGeneratedMonoScriptInfo (4ms)
			ResolveRequiredComponents (3ms)
	FinalizeReload (1785ms)
		ReleaseScriptCaches (0ms)
		RebuildScriptCaches (0ms)
		SetupLoadedEditorAssemblies (1278ms)
			LogAssemblyErrors (0ms)
			InitializePlatformSupportModulesInManaged (21ms)
			SetLoadedEditorAssemblies (2ms)
			RefreshPlugins (0ms)
			BeforeProcessingInitializeOnLoad (75ms)
			ProcessInitializeOnLoadAttributes (524ms)
			ProcessInitializeOnLoadMethodAttributes (649ms)
			AfterProcessingInitializeOnLoad (7ms)
			EditorAssembliesLoaded (0ms)
		ExecutionOrderSort2 (0ms)
		AwakeInstancesAfterBackupRestoration (12ms)
Refreshing native plugins compatible for Editor in 7.31 ms, found 2 plugins.
Preloading 0 native plugins for Editor in 0.00 ms.
Unloading 4432 Unused Serialized files (Serialized files now loaded: 0)
Unloading 107 unused Assets / (350.6 KB). Loaded Objects now: 4968.
Memory consumption went from 154.1 MB to 153.8 MB.
Total: 35.203200 ms (FindLiveObjects: 0.529200 ms CreateObjectMapping: 0.352400 ms MarkObjects: 34.092700 ms  DeleteObjects: 0.227400 ms)

Prepare: number of updated asset objects reloaded= 0
AssetImportParameters requested are different than current active one (requested -> active):
  custom:container-demuxer-ogg: 62fdf1f143b41e24485cea50d1cbac27 -> 
  custom:video-codec-MediaFoundation-h265: 746d11721c4dcdbdad8f713fa42b33f4 -> 
  custom:video-decoder-ogg-theora: a1e56fd34408186e4bbccfd4996cb3dc -> 
  custom:framework-win-MediaFoundation: 216162199b28c13a410421893ffa2e32 -> 
  custom:CustomObjectIndexerAttribute: 756ad292c208cfabdd7b50bc23989ffe -> 
  custom:container-demuxer-webm: 4f35f7cbe854078d1ac9338744f61a02 -> 
  custom:container-muxer-webm: aa71ff27fc2769a1b78a27578f13a17b -> 
  custom:video-decoder-webm-vp8: 9c59270c3fd7afecdb556c50c9e8de78 -> 
  custom:AudioImporter_EditorPlatform: d09bf68614088b80899f8185d706f6e7 -> 
  custom:video-encoder-webm-vp8: eb34c28f22e8b96e1ab97ce403110664 -> 
  custom:audio-decoder-ogg-vorbis: bf7c407c2cedff20999df2af8eb42d56 -> 
  custom:audio-encoder-webm-vorbis: bf7c407c2cedff20999df2af8eb42d56 -> 
