
=== Thu Mar 12 12:53:42 2020

Packages were changed.
Update Mode: mergeDefaultDependencies

The following packages were updated:
  com.unity.ide.rider from version 1.0.4 to 1.0.8
  com.unity.ide.vscode from version 1.0.4 to 1.0.7

=== Tue Dec  1 17:52:20 2020

Packages were changed.
Update Mode: updateDependencies

The following packages were updated:
  com.unity.ads from version 2.0.8 to 3.4.7
  com.unity.ide.rider from version 1.0.8 to 1.1.4
  com.unity.ide.vscode from version 1.0.7 to 1.2.1
  com.unity.render-pipelines.lightweight from version 6.9.0 to 7.3.1
  com.unity.shadergraph from version 6.9.1 to 7.3.1
  com.unity.test-framework from version 1.0.13 to 1.1.16
  com.unity.timeline from version 1.1.0 to 1.2.6
The following packages were removed:
  com.unity.package-manager-ui@2.2.0

=== Fri Jul  7 14:35:45 2023

Packages were changed.
Update Mode: updateDependencies

The following packages were added:
  com.unity.ide.visualstudio@2.0.18
  com.unity.ai.navigation@1.1.4
The following packages were updated:
  com.unity.ads from version 3.4.7 to 4.4.2
  com.unity.burst from version 1.2.3 to 1.8.7
  com.unity.collab-proxy from version 1.2.16 to 2.0.5
  com.unity.ext.nunit from version 1.0.0 to 1.0.6
  com.unity.ide.rider from version 1.1.4 to 3.0.24
  com.unity.ide.vscode from version 1.2.1 to 1.2.5
  com.unity.inputsystem from version 1.0.2 to 1.6.1
  com.unity.purchasing from version 2.0.6 to 4.9.3
  com.unity.shadergraph from version 7.3.1 to 14.0.8
  com.unity.test-framework from version 1.1.16 to 1.1.33
  com.unity.textmeshpro from version 2.0.1 to 3.0.6
  com.unity.timeline from version 1.2.6 to 1.7.4
The following packages were removed:
  com.unity.render-pipelines.lightweight@7.3.1
